# JRE version: OpenJDK Runtime Environment (Zulu 8.46.0.19-CA-linux64) (8.0_252-b14) (build 1.8.0_252-b14)
# Java VM: OpenJDK 64-Bit Server VM (25.252-b14 mixed mode linux-amd64 compressed oops)
Heap:
 PSYoungGen      total 54272K, used 5614K [0x00000000f0d80000, 0x00000000f4880000, 0x0000000100000000)
  eden space 48640K, 0% used [0x00000000f0d80000,0x00000000f0d80000,0x00000000f3d00000)
  from space 5632K, 99% used [0x00000000f3d00000,0x00000000f427b850,0x00000000f4280000)
  to   space 5120K, 0% used [0x00000000f4280000,0x00000000f4280000,0x00000000f4780000)
 ParOldGen       total 31744K, used 10319K [0x00000000d2800000, 0x00000000d4700000, 0x00000000f0d80000)
  object space 31744K, 32% used [0x00000000d2800000,0x00000000d3213ca0,0x00000000d4700000)
 Metaspace       used 16246K, capacity 16598K, committed 16896K, reserved 1064960K
  class space    used 1931K, capacity 2018K, committed 2048K, reserved 1048576K
GC Heap History (10 events):
Event: 0.770 GC heap after
Heap after GC invocations=2 (full 0):
 PSYoungGen      total 13824K, used 1516K [0x00000000f0d80000, 0x00000000f2880000, 0x0000000100000000)
  eden space 12288K, 0% used [0x00000000f0d80000,0x00000000f0d80000,0x00000000f1980000)
  from space 1536K, 98% used [0x00000000f1b00000,0x00000000f1c7b260,0x00000000f1c80000)
  to   space 1536K, 0% used [0x00000000f1980000,0x00000000f1980000,0x00000000f1b00000)
 ParOldGen       total 31744K, used 2674K [0x00000000d2800000, 0x00000000d4700000, 0x00000000f0d80000)
  object space 31744K, 8% used [0x00000000d2800000,0x00000000d2a9cbc0,0x00000000d4700000)
 Metaspace       used 7898K, capacity 8028K, committed 8192K, reserved 1056768K
  class space    used 936K, capacity 1016K, committed 1024K, reserved 1048576K
}
Event: 0.923 GC heap before
{Heap before GC invocations=3 (full 0):
 PSYoungGen      total 13824K, used 13801K [0x00000000f0d80000, 0x00000000f2880000, 0x0000000100000000)
  eden space 12288K, 99% used [0x00000000f0d80000,0x00000000f197f370,0x00000000f1980000)
  from space 1536K, 98% used [0x00000000f1b00000,0x00000000f1c7b260,0x00000000f1c80000)
  to   space 1536K, 0% used [0x00000000f1980000,0x00000000f1980000,0x00000000f1b00000)
 ParOldGen       total 31744K, used 2674K [0x00000000d2800000, 0x00000000d4700000, 0x00000000f0d80000)
  object space 31744K, 8% used [0x00000000d2800000,0x00000000d2a9cbc0,0x00000000d4700000)
 Metaspace       used 8606K, capacity 8776K, committed 8832K, reserved 1056768K
  class space    used 1036K, capacity 1114K, committed 1152K, reserved 1048576K
Event: 0.926 GC heap after
Heap after GC invocations=3 (full 0):
 PSYoungGen      total 13824K, used 1535K [0x00000000f0d80000, 0x00000000f2880000, 0x0000000100000000)
  eden space 12288K, 0% used [0x00000000f0d80000,0x00000000f0d80000,0x00000000f1980000)
  from space 1536K, 99% used [0x00000000f1980000,0x00000000f1affd60,0x00000000f1b00000)
  to   space 1536K, 0% used [0x00000000f2700000,0x00000000f2700000,0x00000000f2880000)
 ParOldGen       total 31744K, used 4014K [0x00000000d2800000, 0x00000000d4700000, 0x00000000f0d80000)
  object space 31744K, 12% used [0x00000000d2800000,0x00000000d2beba88,0x00000000d4700000)
 Metaspace       used 8606K, capacity 8776K, committed 8832K, reserved 1056768K
  class space    used 1036K, capacity 1114K, committed 1152K, reserved 1048576K
}
Event: 1.044 GC heap before
{Heap before GC invocations=4 (full 0):
 PSYoungGen      total 13824K, used 13823K [0x00000000f0d80000, 0x00000000f2880000, 0x0000000100000000)
  eden space 12288K, 100% used [0x00000000f0d80000,0x00000000f1980000,0x00000000f1980000)
  from space 1536K, 99% used [0x00000000f1980000,0x00000000f1affd60,0x00000000f1b00000)
  to   space 1536K, 0% used [0x00000000f2700000,0x00000000f2700000,0x00000000f2880000)
 ParOldGen       total 31744K, used 4014K [0x00000000d2800000, 0x00000000d4700000, 0x00000000f0d80000)
  object space 31744K, 12% used [0x00000000d2800000,0x00000000d2beba88,0x00000000d4700000)
 Metaspace       used 9799K, capacity 9946K, committed 9984K, reserved 1058816K
  class space    used 1181K, capacity 1246K, committed 1280K, reserved 1048576K
Event: 1.048 GC heap after
Heap after GC invocations=4 (full 0):
 PSYoungGen      total 26112K, used 1514K [0x00000000f0d80000, 0x00000000f2880000, 0x0000000100000000)
  eden space 24576K, 0% used [0x00000000f0d80000,0x00000000f0d80000,0x00000000f2580000)
  from space 1536K, 98% used [0x00000000f2700000,0x00000000f287a8e0,0x00000000f2880000)
  to   space 1536K, 0% used [0x00000000f2580000,0x00000000f2580000,0x00000000f2700000)
 ParOldGen       total 31744K, used 5778K [0x00000000d2800000, 0x00000000d4700000, 0x00000000f0d80000)
  object space 31744K, 18% used [0x00000000d2800000,0x00000000d2da4858,0x00000000d4700000)
 Metaspace       used 9799K, capacity 9946K, committed 9984K, reserved 1058816K
  class space    used 1181K, capacity 1246K, committed 1280K, reserved 1048576K
}
Event: 1.413 GC heap before
{Heap before GC invocations=5 (full 0):
 PSYoungGen      total 26112K, used 26090K [0x00000000f0d80000, 0x00000000f2880000, 0x0000000100000000)
  eden space 24576K, 100% used [0x00000000f0d80000,0x00000000f2580000,0x00000000f2580000)
  from space 1536K, 98% used [0x00000000f2700000,0x00000000f287a8e0,0x00000000f2880000)
  to   space 1536K, 0% used [0x00000000f2580000,0x00000000f2580000,0x00000000f2700000)
 ParOldGen       total 31744K, used 5778K [0x00000000d2800000, 0x00000000d4700000, 0x00000000f0d80000)
  object space 31744K, 18% used [0x00000000d2800000,0x00000000d2da4858,0x00000000d4700000)
 Metaspace       used 12564K, capacity 12706K, committed 13056K, reserved 1060864K
  class space    used 1579K, capacity 1672K, committed 1792K, reserved 1048576K
Event: 1.423 GC heap after
Heap after GC invocations=5 (full 0):
 PSYoungGen      total 26112K, used 1530K [0x00000000f0d80000, 0x00000000f4780000, 0x0000000100000000)
  eden space 24576K, 0% used [0x00000000f0d80000,0x00000000f0d80000,0x00000000f2580000)
  from space 1536K, 99% used [0x00000000f2580000,0x00000000f26fe910,0x00000000f2700000)
  to   space 5120K, 0% used [0x00000000f4280000,0x00000000f4280000,0x00000000f4780000)
 ParOldGen       total 31744K, used 9461K [0x00000000d2800000, 0x00000000d4700000, 0x00000000f0d80000)
  object space 31744K, 29% used [0x00000000d2800000,0x00000000d313d5f0,0x00000000d4700000)
 Metaspace       used 12564K, capacity 12706K, committed 13056K, reserved 1060864K
  class space    used 1579K, capacity 1672K, committed 1792K, reserved 1048576K
}
Event: 1.945 GC heap before
{Heap before GC invocations=6 (full 0):
 PSYoungGen      total 26112K, used 26106K [0x00000000f0d80000, 0x00000000f4780000, 0x0000000100000000)
  eden space 24576K, 100% used [0x00000000f0d80000,0x00000000f2580000,0x00000000f2580000)
  from space 1536K, 99% used [0x00000000f2580000,0x00000000f26fe910,0x00000000f2700000)
  to   space 5120K, 0% used [0x00000000f4280000,0x00000000f4280000,0x00000000f4780000)
 ParOldGen       total 31744K, used 9461K [0x00000000d2800000, 0x00000000d4700000, 0x00000000f0d80000)
  object space 31744K, 29% used [0x00000000d2800000,0x00000000d313d5f0,0x00000000d4700000)
 Metaspace       used 15185K, capacity 15474K, committed 15872K, reserved 1062912K
  class space    used 1846K, capacity 1944K, committed 2048K, reserved 1048576K
Event: 1.957 GC heap after
Heap after GC invocations=6 (full 0):
 PSYoungGen      total 53760K, used 4819K [0x00000000f0d80000, 0x00000000f4880000, 0x0000000100000000)
  eden space 48640K, 0% used [0x00000000f0d80000,0x00000000f0d80000,0x00000000f3d00000)
  from space 5120K, 94% used [0x00000000f4280000,0x00000000f4734f48,0x00000000f4780000)
  to   space 5632K, 0% used [0x00000000f3d00000,0x00000000f3d00000,0x00000000f4280000)
 ParOldGen       total 31744K, used 9461K [0x00000000d2800000, 0x00000000d4700000, 0x00000000f0d80000)
  object space 31744K, 29% used [0x00000000d2800000,0x00000000d313d5f0,0x00000000d4700000)
 Metaspace       used 15185K, capacity 15474K, committed 15872K, reserved 1062912K
  class space    used 1846K, capacity 1944K, committed 2048K, reserved 1048576K
}
Event: 3.891 GC heap before
{Heap before GC invocations=7 (full 0):
 PSYoungGen      total 53760K, used 53459K [0x00000000f0d80000, 0x00000000f4880000, 0x0000000100000000)
  eden space 48640K, 100% used [0x00000000f0d80000,0x00000000f3d00000,0x00000000f3d00000)
  from space 5120K, 94% used [0x00000000f4280000,0x00000000f4734f48,0x00000000f4780000)
  to   space 5632K, 0% used [0x00000000f3d00000,0x00000000f3d00000,0x00000000f4280000)
 ParOldGen       total 31744K, used 9461K [0x00000000d2800000, 0x00000000d4700000, 0x00000000f0d80000)
  object space 31744K, 29% used [0x00000000d2800000,0x00000000d313d5f0,0x00000000d4700000)
 Metaspace       used 16246K, capacity 16598K, committed 16896K, reserved 1064960K
  class space    used 1931K, capacity 2018K, committed 2048K, reserved 1048576K

